name: run1
run_id: commands[0]
env SSL_CERT_FILE: C:\ProgramData\anaconda3\envs\ml_deployment\Library\ssl\cacert.pem
env USERPROFILE: C:\Users\USER
env SYSTEMROOT: C:\Windows
env PATHEXT: .COM;.EXE;.BAT;.CMD;.VBS;.VBE;.JS;.JSE;.WSF;.WSH;.MSC;.CPL
env PROGRAMFILES(X86): C:\Program Files (x86)
env PROCESSOR_ARCHITECTURE: AMD64
env NUMBER_OF_PROCESSORS: 12
env COMSPEC: C:\Windows\system32\cmd.exe
env PROGRAMFILES: C:\Program Files
env TMP: C:\Users\USER\AppData\Local\Temp
env TEMP: C:\Users\USER\AppData\Local\Temp
env SYSTEMDRIVE: C:
env PROGRAMDATA: C:\ProgramData
env PATH: C:\Users\USER\OneDrive\Docs\KV_DW_JL_5\ML_deployments\serve_and_deploy_via_REST_API\houseprice_api\.tox\test_app\Scripts;C:\ProgramData\anaconda3\envs\ml_deployment;C:\ProgramData\anaconda3\envs\ml_deployment\Library\mingw-w64\bin;C:\ProgramData\anaconda3\envs\ml_deployment\Library\usr\bin;C:\ProgramData\anaconda3\envs\ml_deployment\Library\bin;C:\ProgramData\anaconda3\envs\ml_deployment\Scripts;C:\ProgramData\anaconda3\envs\ml_deployment\bin;C:\ProgramData\anaconda3\condabin;C:\Program Files\NVIDIA\CUDNN\v9.2\bin;C:\Program Files\NVIDIA GPU Computing Toolkit\CUDA\v12.5\bin;C:\Program Files\NVIDIA GPU Computing Toolkit\CUDA\v12.5\libnvvp;C:\Windows\system32;C:\Windows;C:\Windows\System32\Wbem;C:\Windows\System32\WindowsPowerShell\v1.0;C:\Windows\System32\OpenSSH;C:\Program Files (x86)\NVIDIA Corporation\PhysX\Common;C:\Program Files\NVIDIA Corporation\NVIDIA NvDLISR;C:\Program Files\Microsoft SQL Server\150\Tools\Binn;C:\Program Files\Microsoft SQL Server\Client SDK\ODBC\170\Tools\Binn;C:\Program Files\dotnet;C:\Program Files\NVIDIA Corporation\Nsight Compute 2024.2.1;C:\Program Files (x86)\Common Files\Acronis\SnapAPI;C:\Program Files\Git\cmd;C:\ProgramData\chocolatey\bin;C:\Users\USER\scoop\shims;C:\Users\USER\AppData\Local\Microsoft\WindowsApps;C:\Users\USER\.dotnet\tools;C:\Program Files\JetBrains\PyCharm Community Edition 2024.1.4\bin;.;C:\Users\USER\AppData\Local\GitHubDesktop\bin
env PYTHONHASHSEED: 824
env PIP_DISABLE_PIP_VERSION_CHECK: 1
env PYTHONIOENCODING: utf-8
env PYTHONPATH: .
env TOX_ENV_NAME: run1
env TOX_WORK_DIR: C:\Users\USER\OneDrive\Docs\KV_DW_JL_5\ML_deployments\serve_and_deploy_via_REST_API\houseprice_api\.tox
env TOX_ENV_DIR: C:\Users\USER\OneDrive\Docs\KV_DW_JL_5\ML_deployments\serve_and_deploy_via_REST_API\houseprice_api\.tox\test_app
env VIRTUAL_ENV: C:\Users\USER\OneDrive\Docs\KV_DW_JL_5\ML_deployments\serve_and_deploy_via_REST_API\houseprice_api\.tox\test_app
env COLUMNS: 161
env LINES: 9
metadata pid: 24380
cwd: C:\Users\USER\OneDrive\Docs\KV_DW_JL_5\ML_deployments\serve_and_deploy_via_REST_API\houseprice_api
allow: C:\Users\USER\OneDrive\Docs\KV_DW_JL_5\ML_deployments\serve_and_deploy_via_REST_API\houseprice_api\.tox\test_app\Scripts\*
cmd: python app/main.py
exit_code: 3221225786
INFO:     ::1:65513 - "GET / HTTP/1.1" 200 OK
INFO:     ::1:65513 - "GET /docs HTTP/1.1" 200 OK
INFO:     ::1:65513 - "GET /api/v1/openapi.json HTTP/1.1" 200 OK
INFO:     ::1:65514 - "POST /api/v1/predict HTTP/1.1" 200 OK
INFO:     ::1:49250 - "GET / HTTP/1.1" 200 OK
INFO:     ::1:50108 - "POST /api/v1/predict HTTP/1.1" 200 OK

standard error:
2024-08-01 15:03:27.890 | WARNING  | __main__:<module>:56 - Running in development mode. Do not run like this in production
INFO:     Started server process [24124]
INFO:     Waiting for application startup.
INFO:     Application startup complete.
INFO:     Uvicorn running on http://localhost:8001 (Press CTRL+C to quit)
2024-08-01 15:03:53.093 | INFO     | app.api:predict:38 - Making prediction on inputs: [HouseDataInputSchema(Alley=None, BedroomAbvGr=2, BldgType='1Fam', BsmtCond='TA', BsmtExposure='No', BsmtFinSF1=468.0, BsmtFinSF2=144.0, BsmtFinType1='Rec', BsmtFinType2='LwQ', BsmtFullBath=0.0, BsmtHalfBath=0.0, BsmtQual='TA', BsmtUnfSF=270.0, CentralAir='Y', Condition1='Feedr', Condition2='Norm', Electrical='SBrkr', EnclosedPorch=0, ExterCond='TA', ExterQual='TA', Exterior1st='VinylSd', Exterior2nd='VinylSd', Fence='MnPrv', FireplaceQu=None, Fireplaces=0, Foundation='CBlock', FullBath=1, Functional='Typ', GarageArea=730.0, GarageCars=1.0, GarageCond='TA', GarageFinish='Unf', GarageQual='TA', GarageType='Attchd', GarageYrBlt=1961.0, GrLivArea=896, HalfBath=0, Heating='GasA', HeatingQC='TA', HouseStyle='1Story', Id=None, KitchenAbvGr=1, KitchenQual='TA', LandContour='Lvl', LandSlope='Gtl', LotArea=11622, LotConfig='Inside', LotFrontage=80.0, LotShape='Reg', LowQualFinSF=0, MSSubClass=20, MSZoning='RH', MasVnrArea=0.0, MasVnrType='None', MiscFeature=None, MiscVal=0, MoSold=6, Neighborhood='NAmes', OpenPorchSF=0, OverallCond=6, OverallQual=5, PavedDrive='Y', PoolArea=0, PoolQC=None, RoofMatl='CompShg', RoofStyle='Gable', SaleCondition='Normal', SaleType='WD', ScreenPorch=120, Street='Pave', TotRmsAbvGrd=5, TotalBsmtSF=882.0, Utilities='AllPub', WoodDeckSF=140, YearBuilt=1961, YearRemodAdd=1961, YrSold=2010, FirstFlrSF=896, SecondFlrSF=0, ThreeSsnPortch=0)]
2024-08-01 15:03:53.144 | INFO     | app.api:predict:45 - Prediction results: [113422.55344864173]
2024-08-01 15:28:07.940 | INFO     | app.api:predict:38 - Making prediction on inputs: [HouseDataInputSchema(Alley=None, BedroomAbvGr=2, BldgType='1Fam', BsmtCond='TA', BsmtExposure='No', BsmtFinSF1=468.0, BsmtFinSF2=144.0, BsmtFinType1='Rec', BsmtFinType2='LwQ', BsmtFullBath=0.0, BsmtHalfBath=0.0, BsmtQual='TA', BsmtUnfSF=270.0, CentralAir='Y', Condition1='Feedr', Condition2='Norm', Electrical='SBrkr', EnclosedPorch=0, ExterCond='TA', ExterQual='TA', Exterior1st='VinylSd', Exterior2nd='VinylSd', Fence='MnPrv', FireplaceQu=None, Fireplaces=0, Foundation='CBlock', FullBath=1, Functional='Typ', GarageArea=730.0, GarageCars=1.0, GarageCond='TA', GarageFinish='Unf', GarageQual='TA', GarageType='Attchd', GarageYrBlt=1961.0, GrLivArea=896, HalfBath=0, Heating='GasA', HeatingQC='TA', HouseStyle='1Story', Id=None, KitchenAbvGr=1, KitchenQual='TA', LandContour='Lvl', LandSlope='Gtl', LotArea=11622, LotConfig='Inside', LotFrontage=80.0, LotShape='Reg', LowQualFinSF=0, MSSubClass=20, MSZoning='RH', MasVnrArea=0.0, MasVnrType='None', MiscFeature=None, MiscVal=0, MoSold=6, Neighborhood='NAmes', OpenPorchSF=0, OverallCond=6, OverallQual=5, PavedDrive='Y', PoolArea=0, PoolQC=None, RoofMatl='CompShg', RoofStyle='Gable', SaleCondition='Normal', SaleType='WD', ScreenPorch=120, Street='Pave', TotRmsAbvGrd=5, TotalBsmtSF=882.0, Utilities='AllPub', WoodDeckSF=140, YearBuilt=1961, YearRemodAdd=1961, YrSold=2010, FirstFlrSF=896, SecondFlrSF=0, ThreeSsnPortch=0)]
2024-08-01 15:28:07.986 | INFO     | app.api:predict:45 - Prediction results: [113422.55344864173]
INFO:     Shutting down
INFO:     Waiting for application shutdown.
INFO:     Application shutdown complete.
INFO:     Finished server process [24124]
Traceback (most recent call last):
  File "C:\ProgramData\anaconda3\envs\ml_deployment\Lib\asyncio\runners.py", line 118, in run
    return self._loop.run_until_complete(task)
           ^^^^^^^^^^^^^^^^^^^^^^^^^^^^^^^^^^^
  File "C:\ProgramData\anaconda3\envs\ml_deployment\Lib\asyncio\base_events.py", line 654, in run_until_complete
    return future.result()
           ^^^^^^^^^^^^^^^
asyncio.exceptions.CancelledError

During handling of the above exception, another exception occurred:

Traceback (most recent call last):
  File "C:\Users\USER\OneDrive\Docs\KV_DW_JL_5\ML_deployments\serve_and_deploy_via_REST_API\houseprice_api\app\main.py", line 60, in <module>
    uvicorn.run(app, host="localhost", port=8001, log_level="debug")
  File "C:\Users\USER\OneDrive\Docs\KV_DW_JL_5\ML_deployments\serve_and_deploy_via_REST_API\houseprice_api\.tox\test_app\Lib\site-packages\uvicorn\main.py", line 575, in run
    server.run()
  File "C:\Users\USER\OneDrive\Docs\KV_DW_JL_5\ML_deployments\serve_and_deploy_via_REST_API\houseprice_api\.tox\test_app\Lib\site-packages\uvicorn\server.py", line 65, in run
    return asyncio.run(self.serve(sockets=sockets))
           ^^^^^^^^^^^^^^^^^^^^^^^^^^^^^^^^^^^^^^^^
  File "C:\ProgramData\anaconda3\envs\ml_deployment\Lib\asyncio\runners.py", line 190, in run
    return runner.run(main)
           ^^^^^^^^^^^^^^^^
  File "C:\ProgramData\anaconda3\envs\ml_deployment\Lib\asyncio\runners.py", line 123, in run
    raise KeyboardInterrupt()
KeyboardInterrupt
